


ARM Macro Assembler    Page 1 


    1 00000000                 AREA             datos,DATA,READWRITE 
                                                            ; area de datos
    2 00000000 00000009 
                       n       EQU              9           ; n = num enteros
    3 00000000 00000001 
              00000002 
              00000003 
              00000004 
              00000005 
              00000006 
              00000007 
              00000008 
              00000009 tabla   DCD              1,2,3,4,5,6,7,8,9 ; tabla de n 
                                                            enteros de 32 bits
    4 00000024         
    5 00000024         
    6 00000024                 AREA             prog,CODE,READONLY 
                                                            ; area de codigo
    7 00000000                 ENTRY                        ; primera instrucci
                                                            on a ejecutar
    8 00000000         
    9 00000000 E59F005C        ldr              r0,=tabla   ; r0 = @tabla
   10 00000004 E3A01009        ldr              r1,=n       ; r1 = n
   11 00000008         
   12 00000008 E24DD004        sub              r13,r13,#4  ; añadimos un espac
                                                            io para el resultad
                                                            o de la funcion
   13 0000000C E92D0003        push             {r0,r1}     ; pasamos parametro
                                                            s por pila
   14 00000010 EB000002        bl               suma        ; llamada a la subc
                                                            onsulta
   15 00000014 E28DC004        add              r12,r13,#4  ; quitamos el espac
                                                            io de la pila antes
                                                             dado para el resul
                                                            tado
   16 00000018 E8BD0003        pop              {r0,r1}     ; sacamos los param
                                                            etros de la pila
   17 0000001C EB00000F        bl               fin         ; salto a fin de pr
                                                            ograma
   18 00000020         
   19 00000020 E92D4800 
                       suma    push             {r11,r14}   ; pasamos a la pila
                                                             fp y lr
   20 00000024 E1A0B00D        mov              r11,r13     ; fp = sp
   21 00000028 E92D001F        push             {r0-r4}     ; pasamos a la pila
                                                             los registros que 
                                                            utilizamos
   22 0000002C E59B0008        ldr              r0,[r11,#8] ; r0 =@tabla 
   23 00000030 E59B100C        ldr              r1,[r11,#12] ; r1 = n
   24 00000034 E3A02000        mov              r2,#0       ; r2 = 0
   25 00000038 E3A03000        mov              r3,#0       ; r3 = 0
   26 0000003C E1520001 
                       for     cmp              r2,r1       ; si r2 = n vamos a
                                                             resultado
   27 00000040 0A000004        beq              res
   28 00000044 E4904004        ldr              r4,[r0],#4  ; r4 = r0[0]; r4 = 
                                                            r0[1];...
   29 00000048 E0833004        add              r3,r3,r4    ; r3 = r3 + r4
   30 0000004C E2822001        add              r2,r2,#1    ; i++



ARM Macro Assembler    Page 2 


   31 00000050 E1520001        cmp              r2,r1       ; si r2<=r1 vamos a
                                                             for
   32 00000054 9AFFFFF8        bls              for
   33 00000058 E58B3010 
                       res     str              r3,[r11,#16] ; almacenamos el r
                                                            esultado en el huec
                                                            o reservado previam
                                                            ente 
   34 0000005C E8BD481F        pop              {r0-r4 ,r11,r14} ; liberamos es
                                                            pacio de la pila(de
                                                            jarala igual)
   35 00000060         
   36 00000060 EAFFFFFE 
                       fin     b                fin         ; fin de programa
   37 00000064         
   38 00000064                 END                          ; fin de ensamblado
                                                            
              00000000 
Command Line: --debug --xref --diag_suppress=9931 --apcs=interwork --depend=.\o
bjects\practica1.d -o.\objects\practica1.o -IC:\Keil_v5\ARM\RV31\INC -IC:\Keil_
v5\ARM\CMSIS\Include -IC:\Keil_v5\ARM\INC\Philips --predefine="__EVAL SETA 1" -
-predefine="__UVISION_VERSION SETA 526" --list=.\listings\practica1.lst ..\prac
tica1.s



ARM Macro Assembler    Page 1 Alphabetic symbol ordering
Relocatable symbols

datos 00000000

Symbol: datos
   Definitions
      At line 1 in file ..\practica1.s
   Uses
      None
Comment: datos unused
tabla 00000000

Symbol: tabla
   Definitions
      At line 3 in file ..\practica1.s
   Uses
      At line 9 in file ..\practica1.s
Comment: tabla used once
2 symbols



ARM Macro Assembler    Page 1 Alphabetic symbol ordering
Relocatable symbols

fin 00000060

Symbol: fin
   Definitions
      At line 36 in file ..\practica1.s
   Uses
      At line 17 in file ..\practica1.s
      At line 36 in file ..\practica1.s

for 0000003C

Symbol: for
   Definitions
      At line 26 in file ..\practica1.s
   Uses
      At line 32 in file ..\practica1.s
Comment: for used once
prog 00000000

Symbol: prog
   Definitions
      At line 6 in file ..\practica1.s
   Uses
      None
Comment: prog unused
res 00000058

Symbol: res
   Definitions
      At line 33 in file ..\practica1.s
   Uses
      At line 27 in file ..\practica1.s
Comment: res used once
suma 00000020

Symbol: suma
   Definitions
      At line 19 in file ..\practica1.s
   Uses
      At line 14 in file ..\practica1.s
Comment: suma used once
5 symbols



ARM Macro Assembler    Page 1 Alphabetic symbol ordering
Absolute symbols

n 00000009

Symbol: n
   Definitions
      At line 2 in file ..\practica1.s
   Uses
      At line 10 in file ..\practica1.s
Comment: n used once
1 symbol
342 symbols in table
